<?xml version="1.0" encoding="UTF-8"?>
<testng-results ignored="0" total="7" passed="7" failed="0" skipped="0">
  <reporter-output>
  </reporter-output>
  <suite started-at="2024-05-06T14:20:38 EDT" name="Default suite" finished-at="2024-05-06T14:20:41 EDT" duration-ms="2879">
    <groups>
    </groups>
    <test started-at="2024-05-06T14:20:38 EDT" name="Default test" finished-at="2024-05-06T14:20:41 EDT" duration-ms="2879">
      <class name="com.HarinderKaur.Tests.UniversityApiTests">
        <test-method signature="addUniversity()[pri:0, instance:com.HarinderKaur.Tests.UniversityApiTests@68c72235]" started-at="2024-05-06T14:20:38 EDT" name="addUniversity" finished-at="2024-05-06T14:20:40 EDT" duration-ms="1662" status="PASS">
          <reporter-output>
          </reporter-output>
        </test-method> <!-- addUniversity -->
        <test-method signature="getAllUniversities()[pri:0, instance:com.HarinderKaur.Tests.UniversityApiTests@68c72235]" started-at="2024-05-06T14:20:40 EDT" name="getAllUniversities" finished-at="2024-05-06T14:20:40 EDT" duration-ms="303" status="PASS">
          <reporter-output>
          </reporter-output>
        </test-method> <!-- getAllUniversities -->
        <test-method signature="getUniversityInformation()[pri:0, instance:com.HarinderKaur.Tests.UniversityApiTests@68c72235]" started-at="2024-05-06T14:20:40 EDT" name="getUniversityInformation" finished-at="2024-05-06T14:20:41 EDT" duration-ms="684" status="PASS">
          <reporter-output>
          </reporter-output>
        </test-method> <!-- getUniversityInformation -->
        <test-method signature="testHappyPath()[pri:0, instance:com.HarinderKaur.Tests.UniversityApiTests@68c72235]" started-at="2024-05-06T14:20:41 EDT" name="testHappyPath" finished-at="2024-05-06T14:20:41 EDT" duration-ms="71" status="PASS">
          <reporter-output>
          </reporter-output>
        </test-method> <!-- testHappyPath -->
        <test-method signature="testUnauthorized()[pri:0, instance:com.HarinderKaur.Tests.UniversityApiTests@68c72235]" started-at="2024-05-06T14:20:41 EDT" name="testUnauthorized" finished-at="2024-05-06T14:20:41 EDT" duration-ms="29" status="PASS">
          <reporter-output>
          </reporter-output>
        </test-method> <!-- testUnauthorized -->
        <test-method signature="testUnencodedParameter()[pri:0, instance:com.HarinderKaur.Tests.UniversityApiTests@68c72235]" started-at="2024-05-06T14:20:41 EDT" name="testUnencodedParameter" finished-at="2024-05-06T14:20:41 EDT" duration-ms="55" status="PASS">
          <reporter-output>
          </reporter-output>
        </test-method> <!-- testUnencodedParameter -->
        <test-method signature="testUrlPathError()[pri:0, instance:com.HarinderKaur.Tests.UniversityApiTests@68c72235]" started-at="2024-05-06T14:20:41 EDT" name="testUrlPathError" finished-at="2024-05-06T14:20:41 EDT" duration-ms="22" status="PASS">
          <reporter-output>
          </reporter-output>
        </test-method> <!-- testUrlPathError -->
      </class> <!-- com.HarinderKaur.Tests.UniversityApiTests -->
    </test> <!-- Default test -->
  </suite> <!-- Default suite -->
</testng-results>
