<?xml version="1.0" encoding="UTF-8"?>
<!-- Generated by org.testng.reporters.JUnitXMLReporter -->
<testsuite ignored="0" hostname="Harinder" failures="3" tests="11" name="Test" time="0.094" errors="0" timestamp="2022-12-07T07:17:13 GMT-07:00">
  <testcase classname="com.learn.testNG.ThirdClass" name="test3" time="0.005"/>
  <testcase classname="com.learn.testNG.ThirdClass" name="test2" time="0.005">
    <failure type="java.lang.AssertionError" message="The following asserts failed:
	expected [true] but found [false],
	Amar is  expected expected [My name is Amar] but found [My name is Harinder]">
      <![CDATA[java.lang.AssertionError: The following asserts failed:
expected [true] but found [false],
Amar is  expected expected [My name is Amar] but found [My name is Harinder]
at com.learn.testNG.ThirdClass.test2(ThirdClass.java:50)
at java.base/java.util.ArrayList.forEach(ArrayList.java:1511)
... Removed 29 stack frames]]>
    </failure>
  </testcase> <!-- test2 -->
  <testcase classname="com.learn.testNG.ThirdClass" name="test1" time="0.001"/>
  <testcase classname="com.learn.testNG.SecondClass" name="test3" time="0.001"/>
  <testcase classname="com.learn.testNG.SecondClass" name="test2" time="0.001">
    <failure type="java.lang.AssertionError" message="The following asserts failed:
	expected [true] but found [false],
	Amar is  expected expected [My name is Amar] but found [My name is Harinder]">
      <![CDATA[java.lang.AssertionError: The following asserts failed:
expected [true] but found [false],
Amar is  expected expected [My name is Amar] but found [My name is Harinder]
at com.learn.testNG.SecondClass.test2(SecondClass.java:51)
at java.base/java.util.ArrayList.forEach(ArrayList.java:1511)
... Removed 29 stack frames]]>
    </failure>
  </testcase> <!-- test2 -->
  <testcase classname="com.learn.testNG.SecondClass" name="test1" time="0.002"/>
  <testcase classname="com.learn.testNG.FirstClass" name="test3" time="0.002"/>
  <testcase classname="com.learn.testNG.FirstClass" name="test2" time="0.001">
    <failure type="java.lang.AssertionError" message="The following asserts failed:
	expected [true] but found [false],
	Amar is  expected expected [My name is Amar] but found [My name is Harinder]">
      <![CDATA[java.lang.AssertionError: The following asserts failed:
expected [true] but found [false],
Amar is  expected expected [My name is Amar] but found [My name is Harinder]
at com.learn.testNG.FirstClass.test2(FirstClass.java:65)
at java.base/java.util.ArrayList.forEach(ArrayList.java:1511)
... Removed 29 stack frames]]>
    </failure>
  </testcase> <!-- test2 -->
  <testcase classname="com.learn.testNG.FirstClass" name="test5" time="0.001"/>
  <testcase classname="com.learn.testNG.FirstClass" name="test4" time="0.001"/>
  <testcase classname="com.learn.testNG.FirstClass" name="test1" time="0.001"/>
</testsuite> <!-- Test -->
