<?xml version="1.0" encoding="UTF-8"?>
<!-- Generated by org.testng.reporters.JUnitXMLReporter -->
<testsuite ignored="0" hostname="Harinder" failures="0" tests="7" name="Default test" time="2.879" errors="0" timestamp="2024-05-06T14:20:41 EDT">
  <testcase classname="com.HarinderKaur.Tests.UniversityApiTests" name="addUniversity" time="1.662"/>
  <testcase classname="com.HarinderKaur.Tests.UniversityApiTests" name="getAllUniversities" time="0.303"/>
  <testcase classname="com.HarinderKaur.Tests.UniversityApiTests" name="getUniversityInformation" time="0.684"/>
  <testcase classname="com.HarinderKaur.Tests.UniversityApiTests" name="testHappyPath" time="0.071"/>
  <testcase classname="com.HarinderKaur.Tests.UniversityApiTests" name="testUnauthorized" time="0.029"/>
  <testcase classname="com.HarinderKaur.Tests.UniversityApiTests" name="testUnencodedParameter" time="0.055"/>
  <testcase classname="com.HarinderKaur.Tests.UniversityApiTests" name="testUrlPathError" time="0.022"/>
</testsuite> <!-- Default test -->
